d:\users\gap8240\checkers\debug\pixelshader.cso
d:\users\gap8240\checkers\debug\vertexshader.cso
d:\users\gap8240\checkers\checkers\debug\vc120.pdb
d:\users\gap8240\checkers\checkers\debug\vc120.idb
d:\users\gap8240\checkers\checkers\debug\ball.obj
d:\users\gap8240\checkers\checkers\debug\board.obj
d:\users\gap8240\checkers\checkers\debug\checkersgame.obj
d:\users\gap8240\checkers\checkers\debug\dimple.obj
d:\users\gap8240\checkers\debug\checkers.ilk
d:\users\gap8240\checkers\debug\checkers.exe
d:\users\gap8240\checkers\debug\checkers.pdb
d:\users\gap8240\checkers\checkers\debug\checkers.tlog\checkers.write.1u.tlog
d:\users\gap8240\checkers\checkers\debug\checkers.tlog\cl.command.1.tlog
d:\users\gap8240\checkers\checkers\debug\checkers.tlog\cl.read.1.tlog
d:\users\gap8240\checkers\checkers\debug\checkers.tlog\cl.write.1.tlog
d:\users\gap8240\checkers\checkers\debug\checkers.tlog\fxc.command.1.tlog
d:\users\gap8240\checkers\checkers\debug\checkers.tlog\fxc.read.1.tlog
d:\users\gap8240\checkers\checkers\debug\checkers.tlog\fxc.write.1.tlog
d:\users\gap8240\checkers\checkers\debug\checkers.tlog\link.command.1.tlog
d:\users\gap8240\checkers\checkers\debug\checkers.tlog\link.read.1.tlog
d:\users\gap8240\checkers\checkers\debug\checkers.tlog\link.write.1.tlog
